TN:
SF:/home/giovani/Documentos/Projetos/code/vue/bitbucket/goat/src/app/arch/crud/CrudRequest.js
FN:4,(anonymous_0)
FN:8,(anonymous_1)
FN:14,(anonymous_2)
FN:18,(anonymous_3)
FN:22,(anonymous_4)
FN:26,(anonymous_5)
FNF:6
FNH:6
FNDA:1,(anonymous_0)
FNDA:2,(anonymous_1)
FNDA:2,(anonymous_2)
FNDA:2,(anonymous_3)
FNDA:2,(anonymous_4)
FNDA:2,(anonymous_5)
DA:5,1
DA:9,2
DA:15,2
DA:19,2
DA:23,2
DA:27,2
LF:6
LH:6
BRDA:8,0,0,2
BRF:1
BRH:1
end_of_record
TN:
SF:/home/giovani/Documentos/Projetos/code/vue/bitbucket/goat/src/app/arch/services/HttpService.js
FNF:0
FNH:0
DA:4,3
LF:1
LH:1
BRF:0
BRH:0
end_of_record
TN:
SF:/home/giovani/Documentos/Projetos/code/vue/bitbucket/goat/src/app/schedule/Schedule.vue
FN:186,(anonymous_1)
FN:207,(anonymous_2)
FN:222,(anonymous_3)
FN:224,(anonymous_4)
FN:228,(anonymous_5)
FN:231,(anonymous_6)
FN:236,(anonymous_7)
FN:239,(anonymous_8)
FN:246,(anonymous_9)
FN:249,(anonymous_10)
FN:256,(anonymous_11)
FN:262,(anonymous_12)
FN:265,(anonymous_13)
FN:271,(anonymous_14)
FN:278,(anonymous_15)
FN:279,(anonymous_16)
FN:290,(anonymous_17)
FN:293,(anonymous_18)
FN:297,(anonymous_19)
FN:298,(anonymous_20)
FNF:20
FNH:20
FNDA:9,(anonymous_1)
FNDA:9,(anonymous_2)
FNDA:10,(anonymous_3)
FNDA:9,(anonymous_4)
FNDA:1,(anonymous_5)
FNDA:10,(anonymous_6)
FNDA:2,(anonymous_7)
FNDA:17,(anonymous_8)
FNDA:3,(anonymous_9)
FNDA:3,(anonymous_10)
FNDA:1,(anonymous_11)
FNDA:2,(anonymous_12)
FNDA:2,(anonymous_13)
FNDA:2,(anonymous_14)
FNDA:9,(anonymous_15)
FNDA:2,(anonymous_16)
FNDA:14,(anonymous_17)
FNDA:3,(anonymous_18)
FNDA:9,(anonymous_19)
FNDA:43,(anonymous_20)
DA:178,1
DA:179,1
DA:180,1
DA:181,1
DA:186,9
DA:209,9
DA:210,9
DA:211,9
DA:223,10
DA:224,10
DA:227,9
DA:230,1
DA:233,10
DA:237,2
DA:240,17
DA:241,14
DA:243,3
DA:244,3
DA:247,3
DA:251,3
DA:252,1
DA:254,2
DA:256,2
DA:259,1
DA:260,1
DA:261,1
DA:264,2
DA:267,2
DA:272,2
DA:273,2
DA:274,2
DA:279,9
DA:280,2
DA:281,2
DA:282,2
DA:283,2
DA:284,1
DA:286,1
DA:291,14
DA:294,3
DA:298,9
DA:299,43
DA:300,1
DA:302,42
DA:303,1
DA:306,41
LF:46
LH:46
BRDA:240,0,0,14
BRDA:240,0,1,3
BRDA:251,1,0,1
BRDA:251,1,1,2
BRDA:283,2,0,1
BRDA:283,2,1,1
BRDA:299,3,0,1
BRDA:299,3,1,42
BRDA:302,4,0,1
BRDA:302,4,1,41
BRDA:302,5,0,42
BRDA:302,5,1,1
BRDA:306,6,0,41
BRDA:306,6,1,32
BRF:14
BRH:14
end_of_record
TN:
SF:/home/giovani/Documentos/Projetos/code/vue/bitbucket/goat/src/app/schedule/components/TimeInput.vue
FN:50,(anonymous_1)
FN:61,(anonymous_2)
FN:68,(anonymous_3)
FN:71,(anonymous_4)
FNF:4
FNH:4
FNDA:2,(anonymous_1)
FNDA:2,(anonymous_2)
FNDA:2,(anonymous_3)
FNDA:1,(anonymous_4)
DA:50,2
DA:62,2
DA:69,2
DA:72,1
LF:4
LH:4
BRF:0
BRH:0
end_of_record
TN:
SF:/home/giovani/Documentos/Projetos/code/vue/bitbucket/goat/src/domain/schedule/ScheduleRequest.js
FN:4,(anonymous_0)
FNF:1
FNH:1
FNDA:5,(anonymous_0)
DA:5,5
LF:1
LH:1
BRF:0
BRH:0
end_of_record
